{"level":"info","message":"Current Time:","timestamp":"2025-12-11T04:14:11.894Z"}
{"level":"info","message":"Shift:","timestamp":"2025-12-11T04:14:11.919Z"}
{"currentDate":"2025-12-11","currentTime":"09:44:11","level":"info","line":1,"message":"RequestBody from getShiftDetails","shift":1,"timestamp":"2025-12-11T04:14:11.921Z"}
{"level":"info","message":"Previous working shift is 3 on 2025-12-10 and line 1.","timestamp":"2025-12-11T04:14:13.097Z"}
{"level":"error","message":"res is not defined","timestamp":"2025-12-11T04:14:13.206Z"}
{"level":"info","message":"CurrentShift Execution time: 0.266 seconds","timestamp":"2025-12-11T04:14:13.237Z"}
{"level":"info","message":"Previous working shift is 3 on 2025-12-10 and line 1.","timestamp":"2025-12-11T04:16:43.266Z"}
{"level":"info","message":"Previous working shift is 3 on 2025-12-10 and line 1.","timestamp":"2025-12-11T04:17:11.421Z"}
{"level":"info","message":"CurrentShift Execution time: 165.735 seconds","timestamp":"2025-12-11T04:19:22.996Z"}
{"level":"info","message":"CurrentShift Execution time: 165.926 seconds","timestamp":"2025-12-11T04:19:50.351Z"}
{"level":"info","message":"Current Time:","timestamp":"2025-12-11T04:21:27.478Z"}
{"level":"info","message":"Shift:","timestamp":"2025-12-11T04:21:29.475Z"}
{"currentDate":"2025-12-11","currentTime":"09:51:27","level":"info","line":2,"message":"RequestBody from getShiftDetails","shift":1,"timestamp":"2025-12-11T04:21:29.476Z"}
{"level":"info","message":"Current Time:","timestamp":"2025-12-11T04:21:33.961Z"}
{"level":"info","message":"Shift:","timestamp":"2025-12-11T04:21:34.390Z"}
{"currentDate":"2025-12-11","currentTime":"09:51:33","level":"info","line":3,"message":"RequestBody from getShiftDetails","shift":1,"timestamp":"2025-12-11T04:21:34.392Z"}
{"level":"info","message":"Previous working shift is 3 on 2025-12-10 and line 3.","timestamp":"2025-12-11T04:21:39.237Z"}
{"level":"error","message":"res is not defined","timestamp":"2025-12-11T04:21:41.248Z"}
{"level":"info","message":"CurrentShift Execution time: 6.726 seconds","timestamp":"2025-12-11T04:21:41.543Z"}
{"level":"info","message":"Previous working shift is 3 on 2025-12-10 and line 2.","timestamp":"2025-12-11T04:21:46.422Z"}
{"level":"info","message":"Current Time:","timestamp":"2025-12-11T04:25:37.616Z"}
{"level":"info","message":"Shift:","timestamp":"2025-12-11T04:25:38.105Z"}
{"currentDate":"2025-12-11","currentTime":"09:55:37","level":"info","line":2,"message":"RequestBody from getShiftDetails","shift":1,"timestamp":"2025-12-11T04:25:38.106Z"}
{"level":"info","message":"Previous working shift is 3 on 2025-12-10 and line 2.","timestamp":"2025-12-11T04:25:54.584Z"}
{"level":"info","message":"CurrentShift Execution time: 417.531 seconds","timestamp":"2025-12-11T04:28:26.068Z"}
{"level":"info","message":"CurrentShift Execution time: 417.679 seconds","timestamp":"2025-12-11T04:32:35.924Z"}
{"level":"info","message":"Current Time:","timestamp":"2025-12-11T06:26:54.728Z"}
{"level":"info","message":"Shift:","timestamp":"2025-12-11T06:26:54.737Z"}
{"currentDate":"2025-12-11","currentTime":"11:56:54","level":"info","line":1,"message":"RequestBody from getShiftDetails","shift":1,"timestamp":"2025-12-11T06:26:54.738Z"}
{"level":"info","message":"Previous working shift is 3 on 2025-12-10 and line 1.","timestamp":"2025-12-11T06:26:55.354Z"}
{"level":"error","message":"res is not defined","timestamp":"2025-12-11T06:26:55.406Z"}
{"level":"info","message":"CurrentShift Execution time: 0.161 seconds","timestamp":"2025-12-11T06:26:55.435Z"}
{"level":"info","message":"Current Time:","timestamp":"2025-12-11T06:40:08.842Z"}
{"level":"info","message":"Shift:","timestamp":"2025-12-11T06:40:08.854Z"}
{"currentDate":"2025-12-11","currentTime":"12:10:08","level":"info","line":1,"message":"RequestBody from getShiftDetails","shift":1,"timestamp":"2025-12-11T06:40:08.856Z"}
{"level":"info","message":"Previous working shift is 3 on 2025-12-10 and line 1.","timestamp":"2025-12-11T06:40:10.139Z"}
{"level":"error","message":"res is not defined","timestamp":"2025-12-11T06:40:10.212Z"}
{"level":"info","message":"CurrentShift Execution time: 0.277 seconds","timestamp":"2025-12-11T06:40:10.258Z"}
{"level":"info","message":"Current Time:","timestamp":"2025-12-12T03:28:28.959Z"}
{"level":"info","message":"Shift:","timestamp":"2025-12-12T03:28:28.969Z"}
{"currentDate":"2025-12-12","currentTime":"08:58:28","level":"info","line":1,"message":"RequestBody from getShiftDetails","shift":1,"timestamp":"2025-12-12T03:28:28.970Z"}
{"level":"info","message":"Previous working shift is 3 on 2025-12-11 and line 1.","timestamp":"2025-12-12T03:28:29.455Z"}
{"level":"error","message":"res is not defined","timestamp":"2025-12-12T03:28:29.501Z"}
{"level":"info","message":"CurrentShift Execution time: 0.141 seconds","timestamp":"2025-12-12T03:28:29.526Z"}
{"level":"error","message":"Error fetching line options in getLineoptions method: Error: [Microsoft][SQL Server Native Client 11.0]SQL Server Network Interfaces: Error Locating Server/Instance Specified [xFFFFFFFF]. ,Error: [Microsoft][SQL Server Native Client 11.0]Login timeout expired,Error: [Microsoft][SQL Server Native Client 11.0]A network-related or instance-specific error has occurred while establishing a connection to SQL Server. Server is not found or not accessible. Check if instance name is correct and if SQL Server is configured to allow remote connections. For more information see SQL Server Books Online.","name":"ConnectionError","stack":"ConnectionError: Error: [Microsoft][SQL Server Native Client 11.0]SQL Server Network Interfaces: Error Locating Server/Instance Specified [xFFFFFFFF]. ,Error: [Microsoft][SQL Server Native Client 11.0]Login timeout expired,Error: [Microsoft][SQL Server Native Client 11.0]A network-related or instance-specific error has occurred while establishing a connection to SQL Server. Server is not found or not accessible. Check if instance name is correct and if SQL Server is configured to allow remote connections. For more information see SQL Server Books Online.\n    at PrivateConnection.callback2 (D:\\SSPCS- CODE(BKND)\\node_modules\\mssql\\lib\\msnodesqlv8\\connection-pool.js:46:17)\n    at Immediate.<anonymous> (D:\\SSPCS- CODE(BKND)\\node_modules\\msnodesqlv8\\lib\\connection.js:43:14)\n    at process.processImmediate (node:internal/timers:505:21)","timestamp":"2025-12-12T05:59:15.469Z"}
{"level":"error","message":"File upload error: file not found!","timestamp":"2025-12-12T09:55:51.706Z"}
{"level":"error","message":"File upload error: file not found!","timestamp":"2025-12-12T09:57:59.946Z"}
{"level":"error","message":"File upload error: file not found!","timestamp":"2025-12-12T11:02:29.776Z"}
{"level":"info","message":"Current Time:","timestamp":"2025-12-19T04:39:57.483Z"}
{"level":"info","message":"Shift:","timestamp":"2025-12-19T04:39:57.506Z"}
{"currentDate":"2025-12-19","currentTime":"10:09:57","level":"info","line":1,"message":"RequestBody from getShiftDetails","shift":1,"timestamp":"2025-12-19T04:39:57.506Z"}
{"level":"info","message":"Previous working shift is 3 on 2025-12-18 and line 1.","timestamp":"2025-12-19T04:39:58.556Z"}
{"level":"error","message":"res is not defined","timestamp":"2025-12-19T04:39:58.605Z"}
{"level":"info","message":"CurrentShift Execution time: 0.191 seconds","timestamp":"2025-12-19T04:39:58.625Z"}
{"level":"error","message":"Record not found in handleDiscButton method.","timestamp":"2025-12-19T09:05:40.560Z"}
{"level":"info","message":"From Discontinue:","timestamp":"2025-12-19T09:28:08.526Z"}
{"level":"error","message":"Failed during Discontinue: Cannot read properties of null (reading 'split')","stack":"TypeError: Cannot read properties of null (reading 'split')\n    at Object.timeToSeconds (D:\\SSPCS- CODE(BKND)\\app\\utils\\reUsableFun.js:2278:31)\n    at Object.calculateEffectiveDuration (D:\\SSPCS- CODE(BKND)\\app\\utils\\reUsableFun.js:2549:40)\n    at runNextTicks (node:internal/process/task_queues:65:5)\n    at process.processImmediate (node:internal/timers:473:9)\n    at async exports.handleDiscButton (D:\\SSPCS- CODE(BKND)\\app\\controller\\ProductionScreen\\CurrentShift\\currentShift.js:5355:35)","timestamp":"2025-12-19T09:30:05.277Z"}
{"level":"error","message":"Failed during Discontinue: Cannot read properties of null (reading 'split')","stack":"TypeError: Cannot read properties of null (reading 'split')\n    at Object.timeToSeconds (D:\\SSPCS- CODE(BKND)\\app\\utils\\reUsableFun.js:2278:31)\n    at Object.calculateEffectiveDuration (D:\\SSPCS- CODE(BKND)\\app\\utils\\reUsableFun.js:2549:40)\n    at runNextTicks (node:internal/process/task_queues:65:5)\n    at process.processImmediate (node:internal/timers:473:9)\n    at async exports.handleDiscButton (D:\\SSPCS- CODE(BKND)\\app\\controller\\ProductionScreen\\CurrentShift\\currentShift.js:5355:35)","timestamp":"2025-12-19T09:30:24.390Z"}
{"0":{"AvailableQuantityInStorageUOM":270,"CostBucketID":1,"CustomFields":{"ActualEndTime":"15:06:26","ActualID":"86","ActualLoadTime":56693,"KanbanReturned":null,"KitItemID":184,"ModifiedBy":12,"QueuedTime":null,"Reason":"tes","Status":5,"TransactionTypeCode":"Discontinue"},"FromLocationID":41156,"PrimaryCompanyID":1,"SKUBatchID":156383,"SKUCode":"P-61112-CMPV","SKUCostID":823,"StockTransferQuantityInStorageUOM":105,"ToLocationID":41156,"TransactionTypeID":686,"WarehouseID":1,"WarehousePrimaryCompanyID":1},"level":"info","message":"From Discontinue:","timestamp":"2025-12-19T09:36:27.269Z"}
{"0":{"AvailableQuantityInStorageUOM":270,"CostBucketID":1,"CustomFields":{"ActualEndTime":"15:07:00","ActualID":"86","ActualLoadTime":56727,"KanbanReturned":null,"KitItemID":184,"ModifiedBy":12,"QueuedTime":null,"Reason":"tes","Status":5,"TransactionTypeCode":"Discontinue"},"FromLocationID":41156,"PrimaryCompanyID":1,"SKUBatchID":156383,"SKUCode":"P-61112-CMPV","SKUCostID":823,"StockTransferQuantityInStorageUOM":105,"ToLocationID":41156,"TransactionTypeID":686,"WarehouseID":1,"WarehousePrimaryCompanyID":1},"level":"info","message":"From Discontinue:","timestamp":"2025-12-19T09:37:00.630Z"}
{"0":{"AvailableQuantityInStorageUOM":270,"CostBucketID":1,"CustomFields":{"ActualEndTime":"15:10:33","ActualID":"86","ActualLoadTime":56940,"KanbanReturned":null,"KitItemID":184,"ModifiedBy":12,"QueuedTime":null,"Reason":"tes","Status":5,"TransactionTypeCode":"Discontinue"},"FromLocationID":41156,"PrimaryCompanyID":1,"SKUBatchID":156383,"SKUCode":"P-61112-CMPV","SKUCostID":823,"StockTransferQuantityInStorageUOM":105,"ToLocationID":41156,"TransactionTypeID":686,"WarehouseID":1,"WarehousePrimaryCompanyID":1},"level":"info","message":"From Discontinue:","timestamp":"2025-12-19T09:41:44.260Z"}
{"level":"info","message":"From Discontinue:","timestamp":"2025-12-19T10:28:54.283Z"}
{"level":"info","message":"From Discontinue:","timestamp":"2025-12-19T10:30:51.356Z"}
{"level":"warn","message":"Discontinue blocked: Last palletization already done for ActualID 168","timestamp":"2025-12-19T10:35:11.139Z"}
{"level":"warn","message":"Discontinue blocked: Last palletization already done for ActualID 168","timestamp":"2025-12-19T10:35:40.562Z"}
{"level":"info","message":"Current Time:","timestamp":"2025-12-19T10:44:26.947Z"}
{"level":"info","message":"Shift:","timestamp":"2025-12-19T10:44:26.959Z"}
{"currentDate":"2025-12-19","currentTime":"16:14:26","level":"info","line":1,"message":"RequestBody from getShiftDetails","shift":2,"timestamp":"2025-12-19T10:44:26.960Z"}
{"level":"info","message":"Previous working shift is 1 on 2025-12-19 and line 1.","timestamp":"2025-12-19T10:44:28.073Z"}
{"level":"error","message":"res is not defined","timestamp":"2025-12-19T10:44:28.128Z"}
{"level":"info","message":"CurrentShift Execution time: 0.268 seconds","timestamp":"2025-12-19T10:44:28.153Z"}
{"level":"info","message":"DieSet 42111-CMPV added to plan successfully in ShiftID 2, line 1 on date 2025-12-19","timestamp":"2025-12-19T10:44:38.512Z"}
{"level":"info","message":"Current Time:","timestamp":"2025-12-19T10:44:45.230Z"}
{"level":"info","message":"Shift:","timestamp":"2025-12-19T10:44:45.246Z"}
{"currentDate":"2025-12-19","currentTime":"16:14:45","level":"info","line":1,"message":"RequestBody from getShiftDetails","shift":2,"timestamp":"2025-12-19T10:44:45.246Z"}
{"level":"info","message":"Previous working shift is 1 on 2025-12-19 and line 1.","timestamp":"2025-12-19T10:44:45.451Z"}
{"class":16,"code":"EREQUEST","level":"error","lineNumber":2,"message":"Error: Invalid column name 'IsApplyChanges'.","name":"RequestError","number":207,"originalError":{"code":207,"lineNumber":2,"procName":"","serverName":"TECHNO-632\\SQLDEV19","severity":16,"sqlstate":"42S22"},"procName":"","serverName":"TECHNO-632\\SQLDEV19","stack":"RequestError: Invalid column name 'IsApplyChanges'.\n    at handleError (D:\\SSPCS- CODE(BKND)\\node_modules\\mssql\\lib\\msnodesqlv8\\request.js:276:21)\n    at StreamEvents.emit (node:events:508:28)\n    at D:\\SSPCS- CODE(BKND)\\node_modules\\msnodesqlv8\\lib\\reader.js:83:20\n    at Array.forEach (<anonymous>)\n    at Query.routeStatementError (D:\\SSPCS- CODE(BKND)\\node_modules\\msnodesqlv8\\lib\\reader.js:73:19)\n    at D:\\SSPCS- CODE(BKND)\\node_modules\\msnodesqlv8\\lib\\reader.js:239:12\n    at D:\\SSPCS- CODE(BKND)\\node_modules\\msnodesqlv8\\lib\\driver.js:191:13\n    at Immediate.<anonymous> (D:\\SSPCS- CODE(BKND)\\node_modules\\msnodesqlv8\\lib\\driver.js:167:9)\n    at process.processImmediate (node:internal/timers:505:21)\n    at process.callbackTrampoline (node:internal/async_hooks:130:17)","state":"42S22","timestamp":"2025-12-19T10:44:45.813Z"}
{"level":"info","message":"Current Time:","timestamp":"2025-12-19T10:45:07.583Z"}
{"level":"info","message":"Shift:","timestamp":"2025-12-19T10:45:07.594Z"}
{"currentDate":"2025-12-19","currentTime":"16:15:07","level":"info","line":1,"message":"RequestBody from getShiftDetails","shift":2,"timestamp":"2025-12-19T10:45:07.595Z"}
{"level":"info","message":"Previous working shift is 1 on 2025-12-19 and line 1.","timestamp":"2025-12-19T10:45:07.809Z"}
{"class":16,"code":"EREQUEST","level":"error","lineNumber":2,"message":"Error: Invalid column name 'IsApplyChanges'.","name":"RequestError","number":207,"originalError":{"code":207,"lineNumber":2,"procName":"","serverName":"TECHNO-632\\SQLDEV19","severity":16,"sqlstate":"42S22"},"procName":"","serverName":"TECHNO-632\\SQLDEV19","stack":"RequestError: Invalid column name 'IsApplyChanges'.\n    at handleError (D:\\SSPCS- CODE(BKND)\\node_modules\\mssql\\lib\\msnodesqlv8\\request.js:276:21)\n    at StreamEvents.emit (node:events:508:28)\n    at D:\\SSPCS- CODE(BKND)\\node_modules\\msnodesqlv8\\lib\\reader.js:83:20\n    at Array.forEach (<anonymous>)\n    at Query.routeStatementError (D:\\SSPCS- CODE(BKND)\\node_modules\\msnodesqlv8\\lib\\reader.js:73:19)\n    at D:\\SSPCS- CODE(BKND)\\node_modules\\msnodesqlv8\\lib\\reader.js:239:12\n    at D:\\SSPCS- CODE(BKND)\\node_modules\\msnodesqlv8\\lib\\driver.js:191:13\n    at Immediate.<anonymous> (D:\\SSPCS- CODE(BKND)\\node_modules\\msnodesqlv8\\lib\\driver.js:167:9)\n    at process.processImmediate (node:internal/timers:505:21)\n    at process.callbackTrampoline (node:internal/async_hooks:130:17)","state":"42S22","timestamp":"2025-12-19T10:45:07.965Z"}
{"level":"info","message":"Current Time:","timestamp":"2025-12-19T10:45:42.790Z"}
{"level":"info","message":"Shift:","timestamp":"2025-12-19T10:45:42.806Z"}
{"currentDate":"2025-12-19","currentTime":"16:15:42","level":"info","line":1,"message":"RequestBody from getShiftDetails","shift":2,"timestamp":"2025-12-19T10:45:42.807Z"}
{"level":"info","message":"Previous working shift is 1 on 2025-12-19 and line 1.","timestamp":"2025-12-19T10:45:43.047Z"}
{"class":16,"code":"EREQUEST","level":"error","lineNumber":2,"message":"Error: Invalid column name 'IsApplyChanges'.","name":"RequestError","number":207,"originalError":{"code":207,"lineNumber":2,"procName":"","serverName":"TECHNO-632\\SQLDEV19","severity":16,"sqlstate":"42S22"},"procName":"","serverName":"TECHNO-632\\SQLDEV19","stack":"RequestError: Invalid column name 'IsApplyChanges'.\n    at handleError (D:\\SSPCS- CODE(BKND)\\node_modules\\mssql\\lib\\msnodesqlv8\\request.js:276:21)\n    at StreamEvents.emit (node:events:508:28)\n    at D:\\SSPCS- CODE(BKND)\\node_modules\\msnodesqlv8\\lib\\reader.js:83:20\n    at Array.forEach (<anonymous>)\n    at Query.routeStatementError (D:\\SSPCS- CODE(BKND)\\node_modules\\msnodesqlv8\\lib\\reader.js:73:19)\n    at D:\\SSPCS- CODE(BKND)\\node_modules\\msnodesqlv8\\lib\\reader.js:239:12\n    at D:\\SSPCS- CODE(BKND)\\node_modules\\msnodesqlv8\\lib\\driver.js:191:13\n    at Immediate.<anonymous> (D:\\SSPCS- CODE(BKND)\\node_modules\\msnodesqlv8\\lib\\driver.js:167:9)\n    at process.processImmediate (node:internal/timers:505:21)\n    at process.callbackTrampoline (node:internal/async_hooks:130:17)","state":"42S22","timestamp":"2025-12-19T10:45:43.356Z"}
{"level":"info","message":"Current Time:","timestamp":"2025-12-22T03:28:56.268Z"}
{"level":"info","message":"Shift:","timestamp":"2025-12-22T03:28:56.287Z"}
{"currentDate":"2025-12-22","currentTime":"08:58:56","level":"info","line":1,"message":"RequestBody from getShiftDetails","shift":1,"timestamp":"2025-12-22T03:28:56.288Z"}
{"level":"error","message":"res is not defined","timestamp":"2025-12-22T03:28:57.005Z"}
{"level":"info","message":"Previous working shift is 3 on 2025-12-19 and line 1.","timestamp":"2025-12-22T03:28:57.016Z"}
{"level":"info","message":"CurrentShift Execution time: 0.352 seconds","timestamp":"2025-12-22T03:28:57.109Z"}
{"level":"info","message":"DieSet 51211-EFC-Com added to plan successfully in ShiftID 1, line 1 on date 2025-12-22","timestamp":"2025-12-22T03:29:16.442Z"}
{"level":"info","message":"Current Time:","timestamp":"2025-12-22T03:29:21.886Z"}
{"level":"info","message":"Shift:","timestamp":"2025-12-22T03:29:21.896Z"}
{"currentDate":"2025-12-22","currentTime":"08:59:21","level":"info","line":1,"message":"RequestBody from getShiftDetails","shift":1,"timestamp":"2025-12-22T03:29:21.898Z"}
{"level":"info","message":"Previous working shift is 3 on 2025-12-19 and line 1.","timestamp":"2025-12-22T03:29:22.208Z"}
{"class":16,"code":"EREQUEST","level":"error","lineNumber":2,"message":"Error: Invalid column name 'IsApplyChanges'.","name":"RequestError","number":207,"originalError":{"code":207,"lineNumber":2,"procName":"","serverName":"TECHNO-632\\SQLDEV19","severity":16,"sqlstate":"42S22"},"procName":"","serverName":"TECHNO-632\\SQLDEV19","stack":"RequestError: Invalid column name 'IsApplyChanges'.\n    at handleError (D:\\SSPCS- CODE(BKND)\\node_modules\\mssql\\lib\\msnodesqlv8\\request.js:276:21)\n    at StreamEvents.emit (node:events:508:28)\n    at D:\\SSPCS- CODE(BKND)\\node_modules\\msnodesqlv8\\lib\\reader.js:83:20\n    at Array.forEach (<anonymous>)\n    at Query.routeStatementError (D:\\SSPCS- CODE(BKND)\\node_modules\\msnodesqlv8\\lib\\reader.js:73:19)\n    at D:\\SSPCS- CODE(BKND)\\node_modules\\msnodesqlv8\\lib\\reader.js:239:12\n    at D:\\SSPCS- CODE(BKND)\\node_modules\\msnodesqlv8\\lib\\driver.js:191:13\n    at Immediate.<anonymous> (D:\\SSPCS- CODE(BKND)\\node_modules\\msnodesqlv8\\lib\\driver.js:167:9)\n    at process.processImmediate (node:internal/timers:505:21)\n    at process.callbackTrampoline (node:internal/async_hooks:130:17)","state":"42S22","timestamp":"2025-12-22T03:29:22.677Z"}
{"level":"info","message":"DieSet 48721.2-CMPV added to plan successfully in ShiftID 1, line 1 on date 2025-12-22","timestamp":"2025-12-22T03:29:54.162Z"}
{"level":"info","message":"Current Time:","timestamp":"2025-12-22T03:29:56.319Z"}
{"level":"info","message":"Shift:","timestamp":"2025-12-22T03:29:56.337Z"}
{"currentDate":"2025-12-22","currentTime":"08:59:56","level":"info","line":1,"message":"RequestBody from getShiftDetails","shift":1,"timestamp":"2025-12-22T03:29:56.338Z"}
{"level":"info","message":"Previous working shift is 3 on 2025-12-19 and line 1.","timestamp":"2025-12-22T03:29:56.648Z"}
{"class":16,"code":"EREQUEST","level":"error","lineNumber":2,"message":"Error: Invalid column name 'IsApplyChanges'.","name":"RequestError","number":207,"originalError":{"code":207,"lineNumber":2,"procName":"","serverName":"TECHNO-632\\SQLDEV19","severity":16,"sqlstate":"42S22"},"procName":"","serverName":"TECHNO-632\\SQLDEV19","stack":"RequestError: Invalid column name 'IsApplyChanges'.\n    at handleError (D:\\SSPCS- CODE(BKND)\\node_modules\\mssql\\lib\\msnodesqlv8\\request.js:276:21)\n    at StreamEvents.emit (node:events:508:28)\n    at D:\\SSPCS- CODE(BKND)\\node_modules\\msnodesqlv8\\lib\\reader.js:83:20\n    at Array.forEach (<anonymous>)\n    at Query.routeStatementError (D:\\SSPCS- CODE(BKND)\\node_modules\\msnodesqlv8\\lib\\reader.js:73:19)\n    at D:\\SSPCS- CODE(BKND)\\node_modules\\msnodesqlv8\\lib\\reader.js:239:12\n    at D:\\SSPCS- CODE(BKND)\\node_modules\\msnodesqlv8\\lib\\driver.js:191:13\n    at Immediate.<anonymous> (D:\\SSPCS- CODE(BKND)\\node_modules\\msnodesqlv8\\lib\\driver.js:167:9)\n    at process.processImmediate (node:internal/timers:505:21)\n    at process.callbackTrampoline (node:internal/async_hooks:130:17)","state":"42S22","timestamp":"2025-12-22T03:29:57.181Z"}
{"level":"error","message":"Cannot read properties of undefined (reading 'OperationStartTime')","timestamp":"2025-12-24T04:55:38.268Z"}
{"level":"info","message":"Previous working shift is 3 on 2025-12-23 and line 1.","timestamp":"2025-12-24T04:55:39.222Z"}
{"level":"error","message":"Cannot read properties of undefined (reading 'OperationStartTime')","timestamp":"2025-12-24T04:56:40.896Z"}
{"level":"info","message":"Previous working shift is 3 on 2025-12-23 and line 1.","timestamp":"2025-12-24T04:56:41.379Z"}
{"level":"info","message":"CurrentShift Execution time: 113.731 seconds","timestamp":"2025-12-24T04:58:31.005Z"}
{"level":"error","message":"operation timed out for an unknown reason","timestamp":"2025-12-24T05:06:18.757Z"}
{"level":"info","message":"Previous working shift is 3 on 2025-12-23 and line 1.","timestamp":"2025-12-24T05:07:04.666Z"}
{"level":"info","message":"CurrentShift Execution time: 316.531 seconds","timestamp":"2025-12-24T05:10:29.500Z"}
{"level":"error","message":"Error fetching line options in getLineoptions method: Error: [Microsoft][SQL Server Native Client 11.0]SQL Server Network Interfaces: Error Locating Server/Instance Specified [xFFFFFFFF]. ,Error: [Microsoft][SQL Server Native Client 11.0]Login timeout expired,Error: [Microsoft][SQL Server Native Client 11.0]A network-related or instance-specific error has occurred while establishing a connection to SQL Server. Server is not found or not accessible. Check if instance name is correct and if SQL Server is configured to allow remote connections. For more information see SQL Server Books Online.","name":"ConnectionError","stack":"ConnectionError: Error: [Microsoft][SQL Server Native Client 11.0]SQL Server Network Interfaces: Error Locating Server/Instance Specified [xFFFFFFFF]. ,Error: [Microsoft][SQL Server Native Client 11.0]Login timeout expired,Error: [Microsoft][SQL Server Native Client 11.0]A network-related or instance-specific error has occurred while establishing a connection to SQL Server. Server is not found or not accessible. Check if instance name is correct and if SQL Server is configured to allow remote connections. For more information see SQL Server Books Online.\n    at PrivateConnection.callback2 (D:\\SSPCS- CODE(BKND)\\node_modules\\mssql\\lib\\msnodesqlv8\\connection-pool.js:46:17)\n    at Immediate.<anonymous> (D:\\SSPCS- CODE(BKND)\\node_modules\\msnodesqlv8\\lib\\connection.js:43:14)\n    at process.processImmediate (node:internal/timers:505:21)","timestamp":"2025-12-24T08:17:29.481Z"}
{"level":"error","message":"Error fetching line options in getLineoptions method: Error: [Microsoft][SQL Server Native Client 11.0]SQL Server Network Interfaces: Error Locating Server/Instance Specified [xFFFFFFFF]. ,Error: [Microsoft][SQL Server Native Client 11.0]Login timeout expired,Error: [Microsoft][SQL Server Native Client 11.0]A network-related or instance-specific error has occurred while establishing a connection to SQL Server. Server is not found or not accessible. Check if instance name is correct and if SQL Server is configured to allow remote connections. For more information see SQL Server Books Online.","name":"ConnectionError","stack":"ConnectionError: Error: [Microsoft][SQL Server Native Client 11.0]SQL Server Network Interfaces: Error Locating Server/Instance Specified [xFFFFFFFF]. ,Error: [Microsoft][SQL Server Native Client 11.0]Login timeout expired,Error: [Microsoft][SQL Server Native Client 11.0]A network-related or instance-specific error has occurred while establishing a connection to SQL Server. Server is not found or not accessible. Check if instance name is correct and if SQL Server is configured to allow remote connections. For more information see SQL Server Books Online.\n    at PrivateConnection.callback2 (D:\\SSPCS- CODE(BKND)\\node_modules\\mssql\\lib\\msnodesqlv8\\connection-pool.js:46:17)\n    at Immediate.<anonymous> (D:\\SSPCS- CODE(BKND)\\node_modules\\msnodesqlv8\\lib\\connection.js:43:14)\n    at process.processImmediate (node:internal/timers:505:21)","timestamp":"2025-12-24T08:17:29.491Z"}
{"level":"info","message":"Current Time:","timestamp":"2025-12-26T06:11:11.537Z"}
{"level":"info","message":"Shift:","timestamp":"2025-12-26T06:11:11.572Z"}
{"currentDate":"2025-12-26","currentTime":"11:41:11","level":"info","line":1,"message":"RequestBody from getShiftDetails","shift":1,"timestamp":"2025-12-26T06:11:11.574Z"}
{"level":"info","message":"Previous working shift is 3 on 2025-12-24 and line 1.","timestamp":"2025-12-26T06:11:29.143Z"}
{"level":"error","message":"res is not defined","timestamp":"2025-12-26T06:11:29.167Z"}
{"level":"info","message":"CurrentShift Execution time: 17.144 seconds","timestamp":"2025-12-26T06:11:29.238Z"}
{"level":"info","message":"Current Time:","timestamp":"2025-12-26T06:11:59.191Z"}
{"level":"info","message":"Shift:","timestamp":"2025-12-26T06:11:59.214Z"}
{"currentDate":"2025-12-26","currentTime":"11:41:59","level":"info","line":3,"message":"RequestBody from getShiftDetails","shift":1,"timestamp":"2025-12-26T06:11:59.216Z"}
{"level":"info","message":"Current Time:","timestamp":"2025-12-26T06:12:02.325Z"}
{"level":"info","message":"Shift:","timestamp":"2025-12-26T06:12:02.344Z"}
{"currentDate":"2025-12-26","currentTime":"11:42:02","level":"info","line":2,"message":"RequestBody from getShiftDetails","shift":1,"timestamp":"2025-12-26T06:12:02.346Z"}
{"level":"error","message":"res is not defined","timestamp":"2025-12-26T06:12:03.209Z"}
{"level":"info","message":"Previous working shift is 3 on 2025-12-24 and line 2.","timestamp":"2025-12-26T06:12:03.275Z"}
{"level":"info","message":"CurrentShift Execution time: 0.4 seconds","timestamp":"2025-12-26T06:12:03.344Z"}
{"level":"info","message":"DieSet 53311-INN added to plan successfully in ShiftID 1, line 2 on date 2025-12-26","timestamp":"2025-12-26T06:12:25.633Z"}
{"level":"info","message":"Current Time:","timestamp":"2025-12-26T06:12:27.176Z"}
{"level":"info","message":"Shift:","timestamp":"2025-12-26T06:12:27.191Z"}
{"currentDate":"2025-12-26","currentTime":"11:42:27","level":"info","line":2,"message":"RequestBody from getShiftDetails","shift":1,"timestamp":"2025-12-26T06:12:27.193Z"}
{"level":"info","message":"Previous working shift is 3 on 2025-12-24 and line 2.","timestamp":"2025-12-26T06:12:27.544Z"}
{"class":16,"code":"EREQUEST","level":"error","lineNumber":2,"message":"Error: Invalid column name 'IsApplyChanges'.","name":"RequestError","number":207,"originalError":{"code":207,"lineNumber":2,"procName":"","serverName":"TECHNO-632\\SQLDEV19","severity":16,"sqlstate":"42S22"},"procName":"","serverName":"TECHNO-632\\SQLDEV19","stack":"RequestError: Invalid column name 'IsApplyChanges'.\n    at handleError (D:\\SSPCS- CODE(BKND)\\node_modules\\mssql\\lib\\msnodesqlv8\\request.js:276:21)\n    at StreamEvents.emit (node:events:508:28)\n    at D:\\SSPCS- CODE(BKND)\\node_modules\\msnodesqlv8\\lib\\reader.js:83:20\n    at Array.forEach (<anonymous>)\n    at Query.routeStatementError (D:\\SSPCS- CODE(BKND)\\node_modules\\msnodesqlv8\\lib\\reader.js:73:19)\n    at D:\\SSPCS- CODE(BKND)\\node_modules\\msnodesqlv8\\lib\\reader.js:239:12\n    at D:\\SSPCS- CODE(BKND)\\node_modules\\msnodesqlv8\\lib\\driver.js:191:13\n    at Immediate.<anonymous> (D:\\SSPCS- CODE(BKND)\\node_modules\\msnodesqlv8\\lib\\driver.js:167:9)\n    at process.processImmediate (node:internal/timers:505:21)\n    at process.callbackTrampoline (node:internal/async_hooks:130:17)","state":"42S22","timestamp":"2025-12-26T06:12:27.980Z"}
{"level":"info","message":"DieSet 53811.2-FOR added to plan successfully in ShiftID 1, line 2 on date 2025-12-26","timestamp":"2025-12-26T06:17:54.862Z"}
{"level":"info","message":"Current Time:","timestamp":"2025-12-26T06:17:56.564Z"}
{"level":"info","message":"Shift:","timestamp":"2025-12-26T06:17:56.585Z"}
{"currentDate":"2025-12-26","currentTime":"11:47:56","level":"info","line":2,"message":"RequestBody from getShiftDetails","shift":1,"timestamp":"2025-12-26T06:17:56.586Z"}
{"level":"info","message":"Previous working shift is 3 on 2025-12-24 and line 2.","timestamp":"2025-12-26T06:17:56.934Z"}
{"class":16,"code":"EREQUEST","level":"error","lineNumber":2,"message":"Error: Invalid column name 'IsApplyChanges'.","name":"RequestError","number":207,"originalError":{"code":207,"lineNumber":2,"procName":"","serverName":"TECHNO-632\\SQLDEV19","severity":16,"sqlstate":"42S22"},"procName":"","serverName":"TECHNO-632\\SQLDEV19","stack":"RequestError: Invalid column name 'IsApplyChanges'.\n    at handleError (D:\\SSPCS- CODE(BKND)\\node_modules\\mssql\\lib\\msnodesqlv8\\request.js:276:21)\n    at StreamEvents.emit (node:events:508:28)\n    at D:\\SSPCS- CODE(BKND)\\node_modules\\msnodesqlv8\\lib\\reader.js:83:20\n    at Array.forEach (<anonymous>)\n    at Query.routeStatementError (D:\\SSPCS- CODE(BKND)\\node_modules\\msnodesqlv8\\lib\\reader.js:73:19)\n    at D:\\SSPCS- CODE(BKND)\\node_modules\\msnodesqlv8\\lib\\reader.js:239:12\n    at D:\\SSPCS- CODE(BKND)\\node_modules\\msnodesqlv8\\lib\\driver.js:191:13\n    at Immediate.<anonymous> (D:\\SSPCS- CODE(BKND)\\node_modules\\msnodesqlv8\\lib\\driver.js:167:9)\n    at process.processImmediate (node:internal/timers:505:21)\n    at process.callbackTrampoline (node:internal/async_hooks:130:17)","state":"42S22","timestamp":"2025-12-26T06:17:57.464Z"}
{"level":"error","message":"Error: Cannot destructure property 'currentDate' of 'req.body.header' as it is undefined.","stack":"TypeError: Cannot destructure property 'currentDate' of 'req.body.header' as it is undefined.\n    at exports.currentShiftDetails (D:\\SSPCS- CODE(BKND)\\app\\controller\\ProductionScreen\\CurrentShift\\currentShift.js:3164:11)","timestamp":"2025-12-26T08:25:04.280Z"}
{"level":"error","message":"Error: Cannot destructure property 'currentDate' of 'req.body.header' as it is undefined.","stack":"TypeError: Cannot destructure property 'currentDate' of 'req.body.header' as it is undefined.\n    at exports.currentShiftDetails (D:\\SSPCS- CODE(BKND)\\app\\controller\\ProductionScreen\\CurrentShift\\currentShift.js:3164:11)","timestamp":"2025-12-26T08:25:41.613Z"}
{"level":"error","message":"Error: Cannot destructure property 'currentDate' of 'req.body.header' as it is undefined.","stack":"TypeError: Cannot destructure property 'currentDate' of 'req.body.header' as it is undefined.\n    at exports.currentShiftDetails (D:\\SSPCS- CODE(BKND)\\app\\controller\\ProductionScreen\\CurrentShift\\currentShift.js:3164:11)","timestamp":"2025-12-26T08:25:49.358Z"}
{"level":"error","message":"Error: Cannot destructure property 'currentDate' of 'req.body.header' as it is undefined.","stack":"TypeError: Cannot destructure property 'currentDate' of 'req.body.header' as it is undefined.\n    at exports.currentShiftDetails (D:\\SSPCS- CODE(BKND)\\app\\controller\\ProductionScreen\\CurrentShift\\currentShift.js:3164:11)","timestamp":"2025-12-26T08:25:52.241Z"}
{"class":16,"code":"EREQUEST","level":"error","lineNumber":1,"message":"Error: Conversion failed when converting the nvarchar value '22A' to data type int.","name":"RequestError","number":245,"originalError":{"code":245,"lineNumber":1,"procName":"","serverName":"TECHNO-632\\SQLDEV19","severity":16,"sqlstate":"22018"},"procName":"","serverName":"TECHNO-632\\SQLDEV19","stack":"RequestError: Conversion failed when converting the nvarchar value '22A' to data type int.\n    at handleError (D:\\SSPCS- CODE(BKND)\\node_modules\\mssql\\lib\\msnodesqlv8\\request.js:276:21)\n    at StreamEvents.emit (node:events:508:28)\n    at D:\\SSPCS- CODE(BKND)\\node_modules\\msnodesqlv8\\lib\\reader.js:83:20\n    at Array.forEach (<anonymous>)\n    at Query.routeStatementError (D:\\SSPCS- CODE(BKND)\\node_modules\\msnodesqlv8\\lib\\reader.js:73:19)\n    at D:\\SSPCS- CODE(BKND)\\node_modules\\msnodesqlv8\\lib\\reader.js:239:12\n    at D:\\SSPCS- CODE(BKND)\\node_modules\\msnodesqlv8\\lib\\driver.js:191:13\n    at Immediate.<anonymous> (D:\\SSPCS- CODE(BKND)\\node_modules\\msnodesqlv8\\lib\\driver.js:167:9)\n    at process.processImmediate (node:internal/timers:505:21)\n    at process.callbackTrampoline (node:internal/async_hooks:130:17)","state":"22018","timestamp":"2025-12-26T08:42:58.239Z"}
{"level":"error","message":"res is not defined","timestamp":"2025-12-26T08:43:11.125Z"}
{"level":"info","message":"Current Time:","timestamp":"2025-12-27T05:27:04.924Z"}
{"level":"info","message":"Shift:","timestamp":"2025-12-27T05:27:04.946Z"}
{"currentDate":"2025-12-27","currentTime":"10:57:04","level":"info","line":1,"message":"RequestBody from getShiftDetails","shift":1,"timestamp":"2025-12-27T05:27:04.947Z"}
{"level":"info","message":"Previous working shift is 3 on 2025-12-26 and line 1.","timestamp":"2025-12-27T05:27:05.751Z"}
{"level":"error","message":"res is not defined","timestamp":"2025-12-27T05:27:05.842Z"}
{"level":"info","message":"CurrentShift Execution time: 0.314 seconds","timestamp":"2025-12-27T05:27:05.891Z"}
{"level":"error","message":"Error: operation timed out for an unknown reason","stack":"Error: operation timed out for an unknown reason\n    at D:\\SSPCS- CODE(BKND)\\node_modules\\tarn\\dist\\PendingOperation.js:17:27\n    at runNextTicks (node:internal/process/task_queues:65:5)\n    at listOnTimeout (node:internal/timers:569:9)\n    at process.processTimers (node:internal/timers:543:7)","timestamp":"2025-12-27T05:31:22.752Z"}
{"level":"error","message":"operation timed out for an unknown reason","timestamp":"2025-12-27T05:56:23.190Z"}
{"class":16,"code":"EREQUEST","level":"error","lineNumber":1,"message":"Error: Cannot insert the value NULL into column 'TotalProdTime', table 'PALMSDB.SSPCSdbo.PatternActualData'; column does not allow nulls. INSERT fails.","name":"RequestError","number":515,"originalError":{"code":515,"lineNumber":1,"procName":"","serverName":"TECHNO-632\\SQLDEV19","severity":16,"sqlstate":"23000"},"procName":"","serverName":"TECHNO-632\\SQLDEV19","stack":"RequestError: Cannot insert the value NULL into column 'TotalProdTime', table 'PALMSDB.SSPCSdbo.PatternActualData'; column does not allow nulls. INSERT fails.\n    at handleError (D:\\SSPCS- CODE(BKND)\\node_modules\\mssql\\lib\\msnodesqlv8\\request.js:276:21)\n    at StreamEvents.emit (node:events:508:28)\n    at D:\\SSPCS- CODE(BKND)\\node_modules\\msnodesqlv8\\lib\\reader.js:83:20\n    at Array.forEach (<anonymous>)\n    at Query.routeStatementError (D:\\SSPCS- CODE(BKND)\\node_modules\\msnodesqlv8\\lib\\reader.js:73:19)\n    at D:\\SSPCS- CODE(BKND)\\node_modules\\msnodesqlv8\\lib\\reader.js:239:12\n    at D:\\SSPCS- CODE(BKND)\\node_modules\\msnodesqlv8\\lib\\driver.js:191:13\n    at Immediate.<anonymous> (D:\\SSPCS- CODE(BKND)\\node_modules\\msnodesqlv8\\lib\\driver.js:167:9)\n    at process.processImmediate (node:internal/timers:505:21)\n    at process.callbackTrampoline (node:internal/async_hooks:130:17)","state":"23000","timestamp":"2025-12-27T06:01:01.348Z"}
{"level":"info","message":"Current Time:","timestamp":"2025-12-27T06:21:15.706Z"}
{"level":"info","message":"Shift:","timestamp":"2025-12-27T06:21:15.732Z"}
{"currentDate":"2025-12-27","currentTime":"11:51:15","level":"info","line":1,"message":"RequestBody from getShiftDetails","shift":1,"timestamp":"2025-12-27T06:21:15.735Z"}
{"level":"error","message":"operation timed out for an unknown reason","timestamp":"2025-12-27T06:23:38.626Z"}
